<?xml version="1.0" encoding="UTF-8"?>
<!-- Generated by org.testng.reporters.JUnitReportReporter -->
<testsuite hostname="DESKTOP-G8O6OG0" failures="0" tests="3" name="com.Assignments.OHRM_Login" time="15.237" errors="0" timestamp="2026-03-28T07:40:16 IST" skipped="0">
  <testcase classname="com.Assignments.OHRM_Login" name="login2" time="5.580"/>
  <testcase classname="com.Assignments.OHRM_Login" name="login1" time="4.080"/>
  <testcase classname="com.Assignments.OHRM_Login" name="login3" time="5.577"/>
</testsuite> <!-- com.Assignments.OHRM_Login -->
