<?xml version="1.0" encoding="UTF-8"?>
<!-- Generated by org.testng.reporters.JUnitReportReporter -->
<testsuite hostname="DESKTOP-G8O6OG0" failures="0" tests="4" name="com.TestNGDemos.D05SeleniumAssignment" time="6.478" errors="0" timestamp="2026-03-27T08:44:07 IST" skipped="0">
  <testcase classname="com.TestNGDemos.D05SeleniumAssignment" name="testDownloads" time="1.558"/>
  <testcase classname="com.TestNGDemos.D05SeleniumAssignment" name="testSupport" time="1.039"/>
  <testcase classname="com.TestNGDemos.D05SeleniumAssignment" name="testDocumentation" time="1.277"/>
  <testcase classname="com.TestNGDemos.D05SeleniumAssignment" name="testProjects" time="2.604"/>
</testsuite> <!-- com.TestNGDemos.D05SeleniumAssignment -->
