<?xml version="1.0" encoding="UTF-8"?>
<!-- Generated by org.testng.reporters.JUnitReportReporter -->
<testsuite hostname="DESKTOP-G8O6OG0" failures="0" tests="4" name="com.TestNGDemo.D03Before_After_Test" time="18.451" errors="0" timestamp="2026-03-27T07:44:29 IST" skipped="0">
  <testcase classname="com.TestNGDemo.D03Before_After_Test" name="testMeesho" time="4.174"/>
  <testcase classname="com.TestNGDemo.D03Before_After_Test" name="testFlipkart" time="3.589"/>
  <testcase classname="com.TestNGDemo.D03Before_After_Test" name="testMyntra" time="3.795"/>
  <testcase classname="com.TestNGDemo.D03Before_After_Test" name="testAmazon" time="6.893"/>
</testsuite> <!-- com.TestNGDemo.D03Before_After_Test -->
