<?xml version="1.0" encoding="UTF-8"?>
<!-- Generated by org.testng.reporters.JUnitReportReporter -->
<testsuite hostname="DESKTOP-G8O6OG0" failures="0" tests="4" name="com.TestNGDemo.D04Before_After_Method" time="19.095" errors="0" timestamp="2026-03-27T08:09:48 IST" skipped="0">
  <testcase classname="com.TestNGDemo.D04Before_After_Method" name="testMeesho" time="3.100"/>
  <testcase classname="com.TestNGDemo.D04Before_After_Method" name="testFlipkart" time="7.935"/>
  <testcase classname="com.TestNGDemo.D04Before_After_Method" name="testMyntra" time="4.526"/>
  <testcase classname="com.TestNGDemo.D04Before_After_Method" name="testAmazon" time="3.534"/>
</testsuite> <!-- com.TestNGDemo.D04Before_After_Method -->
