<?xml version="1.0" encoding="UTF-8"?>
<!-- Generated by org.testng.reporters.JUnitReportReporter -->
<testsuite hostname="DESKTOP-G8O6OG0" failures="0" tests="4" name="com.TestNGDemos.D04Before_After_Method" time="20.511" errors="0" timestamp="2026-03-27T08:27:54 IST" skipped="0">
  <testcase classname="com.TestNGDemos.D04Before_After_Method" name="testMeesho" time="3.138"/>
  <testcase classname="com.TestNGDemos.D04Before_After_Method" name="testFlipkart" time="5.748"/>
  <testcase classname="com.TestNGDemos.D04Before_After_Method" name="testMyntra" time="8.608"/>
  <testcase classname="com.TestNGDemos.D04Before_After_Method" name="testAmazon" time="3.017"/>
</testsuite> <!-- com.TestNGDemos.D04Before_After_Method -->
