<?xml version="1.0" encoding="UTF-8"?>
<!-- Generated by org.testng.reporters.JUnitReportReporter -->
<testsuite hostname="DESKTOP-G8O6OG0" failures="0" tests="3" name="com.Assignments.OHRM_Login" time="105.555" errors="0" timestamp="2026-04-08T22:07:41 IST" skipped="0">
  <testcase classname="com.Assignments.OHRM_Login" name="login2" time="12.611"/>
  <testcase classname="com.Assignments.OHRM_Login" name="login1" time="84.277"/>
  <testcase classname="com.Assignments.OHRM_Login" name="login3" time="8.667"/>
</testsuite> <!-- com.Assignments.OHRM_Login -->
