<?xml version="1.0" encoding="UTF-8"?>
<!-- Generated by org.testng.reporters.JUnitReportReporter -->
<testsuite hostname="DESKTOP-G8O6OG0" failures="0" tests="2" name="com.TestNGDemos.D13ReadingTheData" time="0.051" errors="0" timestamp="2026-04-13T08:23:47 IST" skipped="1">
  <testcase classname="com.TestNGDemos.D13ReadingTheData" name="readAllData" time="0.051"/>
  <testcase classname="com.TestNGDemos.D13ReadingTheData" name="readTheData">
    <skipped/>
  </testcase> <!-- readTheData -->
</testsuite> <!-- com.TestNGDemos.D13ReadingTheData -->
