<?xml version="1.0" encoding="UTF-8"?>
<!-- Generated by org.testng.reporters.JUnitReportReporter -->
<testsuite hostname="DESKTOP-G8O6OG0" failures="0" tests="2" name="com.TestNGDemos.D05SeleniumAssignment" time="2.936" errors="0" timestamp="2026-03-31T08:27:16 IST" skipped="0">
  <testcase classname="com.TestNGDemos.D05SeleniumAssignment" name="testSupport" time="0.959"/>
  <testcase classname="com.TestNGDemos.D05SeleniumAssignment" name="testProjects" time="1.977"/>
</testsuite> <!-- com.TestNGDemos.D05SeleniumAssignment -->
