<?xml version="1.0" encoding="UTF-8"?>
<!-- Generated by org.testng.reporters.JUnitReportReporter -->
<testsuite hostname="DESKTOP-G8O6OG0" failures="0" tests="4" name="com.TestNGDemo.D02TestOnlineShoppingApps" time="31.408" errors="0" timestamp="2026-03-26T08:32:04 IST" skipped="0">
  <testcase classname="com.TestNGDemo.D02TestOnlineShoppingApps" name="testMeesho" time="7.577"/>
  <testcase classname="com.TestNGDemo.D02TestOnlineShoppingApps" name="testFlipkart" time="7.830"/>
  <testcase classname="com.TestNGDemo.D02TestOnlineShoppingApps" name="testMyntra" time="9.980"/>
  <testcase classname="com.TestNGDemo.D02TestOnlineShoppingApps" name="testAmazon" time="6.021"/>
</testsuite> <!-- com.TestNGDemo.D02TestOnlineShoppingApps -->
