<?xml version="1.0" encoding="UTF-8"?>
<!-- Generated by org.testng.reporters.JUnitReportReporter -->
<testsuite hostname="DESKTOP-G8O6OG0" failures="0" tests="2" name="com.TestNGDemos.D10POM_Client" time="7.764" errors="0" timestamp="2026-04-08T08:24:16 IST" skipped="0">
  <testcase classname="com.TestNGDemos.D10POM_Client" name="registration1" time="3.949"/>
  <testcase classname="com.TestNGDemos.D10POM_Client" name="registration2" time="3.815"/>
</testsuite> <!-- com.TestNGDemos.D10POM_Client -->
