<?xml version="1.0" encoding="UTF-8"?>
<!-- Generated by org.testng.reporters.JUnitReportReporter -->
<testsuite hostname="DESKTOP-G8O6OG0" failures="0" tests="7" name="com.TestNGDemos.D14DataDrivenFramework" time="0.043" errors="0" timestamp="2026-04-13T08:49:44 IST" skipped="0">
  <testcase classname="com.TestNGDemos.D14DataDrivenFramework" name="login" time="0.003"/>
  <testcase classname="com.TestNGDemos.D14DataDrivenFramework" name="login" time="0.005"/>
  <testcase classname="com.TestNGDemos.D14DataDrivenFramework" name="login" time="0.006"/>
  <testcase classname="com.TestNGDemos.D14DataDrivenFramework" name="login" time="0.010"/>
  <testcase classname="com.TestNGDemos.D14DataDrivenFramework" name="login" time="0.006"/>
  <testcase classname="com.TestNGDemos.D14DataDrivenFramework" name="login" time="0.010"/>
  <testcase classname="com.TestNGDemos.D14DataDrivenFramework" name="login" time="0.003"/>
</testsuite> <!-- com.TestNGDemos.D14DataDrivenFramework -->
