<?xml version="1.0" encoding="UTF-8"?>
<!-- Generated by org.testng.reporters.JUnitReportReporter -->
<testsuite hostname="DESKTOP-G8O6OG0" failures="0" tests="4" name="com.TestNGDemos.D02TestOnlineShoppingApps" time="18.281" errors="0" timestamp="2026-03-31T08:17:31 IST" skipped="0">
  <testcase classname="com.TestNGDemos.D02TestOnlineShoppingApps" name="testMeesho" time="2.991"/>
  <testcase classname="com.TestNGDemos.D02TestOnlineShoppingApps" name="testFlipkart" time="5.145"/>
  <testcase classname="com.TestNGDemos.D02TestOnlineShoppingApps" name="testMyntra" time="6.973"/>
  <testcase classname="com.TestNGDemos.D02TestOnlineShoppingApps" name="testAmazon" time="3.172"/>
</testsuite> <!-- com.TestNGDemos.D02TestOnlineShoppingApps -->
