<?xml version="1.0" encoding="UTF-8"?>
<!-- Generated by org.testng.reporters.JUnitReportReporter -->
<testsuite hostname="DESKTOP-G8O6OG0" failures="0" tests="6" name="com.TestNGDemos.D14DataDrivenFramework" time="10.881" errors="0" timestamp="2026-04-15T08:26:12 IST" skipped="0">
  <testcase classname="com.TestNGDemos.D14DataDrivenFramework" name="login" time="0.653"/>
  <testcase classname="com.TestNGDemos.D14DataDrivenFramework" name="login" time="1.643"/>
  <testcase classname="com.TestNGDemos.D14DataDrivenFramework" name="login" time="1.589"/>
  <testcase classname="com.TestNGDemos.D14DataDrivenFramework" name="login" time="6.048"/>
  <testcase classname="com.TestNGDemos.D14DataDrivenFramework" name="login" time="0.459"/>
  <testcase classname="com.TestNGDemos.D14DataDrivenFramework" name="login" time="0.489"/>
</testsuite> <!-- com.TestNGDemos.D14DataDrivenFramework -->
