<?xml version="1.0" encoding="UTF-8"?>
<!-- Generated by org.testng.reporters.JUnitXMLReporter -->
<testsuite ignored="1" hostname="DESKTOP-G8O6OG0" failures="1" tests="1" name="Default test(failed)" time="2.839" errors="0" timestamp="2026-04-18T08:27:10 IST">
  <testcase classname="com.MyTests.D03ExcelHandling" name="trial" time="0.028">
    <failure type="java.lang.AssertionError" message="expected [true] but found [false]">
      <![CDATA[java.lang.AssertionError: expected [true] but found [false]
at com.MyTests.D03ExcelHandling.trial(D03ExcelHandling.java:51)
at java.base/java.util.ArrayList.forEach(ArrayList.java:1511)
... Removed 31 stack frames]]>
    </failure>
  </testcase> <!-- trial -->
  <testcase classname="com.MyTests.D03ExcelHandling" name="readAllData" time="0.0">
    <ignored/>
  </testcase> <!-- readAllData -->
</testsuite> <!-- Default test(failed) -->
