<?xml version="1.0" encoding="UTF-8"?>
<!-- Generated by org.testng.reporters.JUnitXMLReporter -->
<testsuite ignored="2" hostname="DESKTOP-G8O6OG0" failures="0" tests="2" name="Execute Multiple Test" time="6.411" errors="0" timestamp="2026-03-31T08:00:12 IST">
  <testcase classname="com.TestNGDemos.D05SeleniumAssignment" name="testDownloads" time="1.066"/>
  <testcase classname="com.TestNGDemos.D05SeleniumAssignment" name="testProjects" time="1.056"/>
  <testcase classname="com.TestNGDemos.D05SeleniumAssignment" name="testSupport" time="0.0">
    <ignored/>
  </testcase> <!-- testSupport -->
  <testcase classname="com.TestNGDemos.D05SeleniumAssignment" name="testDocumentation" time="0.0">
    <ignored/>
  </testcase> <!-- testDocumentation -->
</testsuite> <!-- Execute Multiple Test -->
