<?xml version="1.0" encoding="UTF-8"?>
<!-- Generated by org.testng.reporters.JUnitXMLReporter -->
<testsuite ignored="2" hostname="DESKTOP-G8O6OG0" failures="0" tests="2" name="Execute Single Test" time="5.781" errors="0" timestamp="2026-03-31T08:27:15 IST">
  <testcase classname="com.TestNGDemos.D05SeleniumAssignment" name="testSupport" time="0.814"/>
  <testcase classname="com.TestNGDemos.D05SeleniumAssignment" name="testProjects" time="0.966"/>
  <testcase classname="com.TestNGDemos.D05SeleniumAssignment" name="testDocumentation" time="0.0">
    <ignored/>
  </testcase> <!-- testDocumentation -->
  <testcase classname="com.TestNGDemos.D05SeleniumAssignment" name="testDownloads" time="0.0">
    <ignored/>
  </testcase> <!-- testDownloads -->
</testsuite> <!-- Execute Single Test -->
