<?xml version="1.0" encoding="UTF-8"?>
<!-- Generated by org.testng.reporters.JUnitXMLReporter -->
<testsuite ignored="1" hostname="DESKTOP-G8O6OG0" failures="0" tests="3" name="Skip Single Test" time="5.981" errors="0" timestamp="2026-03-31T08:07:01 IST">
  <testcase classname="com.TestNGDemos.D05SeleniumAssignment" name="testDownloads" time="0.546"/>
  <testcase classname="com.TestNGDemos.D05SeleniumAssignment" name="testDocumentation" time="0.674"/>
  <testcase classname="com.TestNGDemos.D05SeleniumAssignment" name="testSupport" time="0.431"/>
  <testcase classname="com.TestNGDemos.D05SeleniumAssignment" name="testProjects" time="0.0">
    <ignored/>
  </testcase> <!-- testProjects -->
</testsuite> <!-- Skip Single Test -->
