<?xml version="1.0" encoding="UTF-8"?>
<testng-results ignored="0" total="3" passed="1" failed="1" skipped="1">
  <reporter-output>
  </reporter-output>
  <suite started-at="2026-04-20T08:08:47 IST" name="Default suite" finished-at="2026-04-20T08:10:57 IST" duration-ms="129930">
    <groups>
    </groups>
    <test started-at="2026-04-20T08:08:47 IST" name="Default test" finished-at="2026-04-20T08:10:57 IST" duration-ms="129930">
      <class name="com.MyTests.D05DetailedReport">
        <test-method is-config="true" signature="beforeTest()[pri:0, instance:com.MyTests.D05DetailedReport@1165b38]" started-at="2026-04-20T08:08:47 IST" name="beforeTest" finished-at="2026-04-20T08:08:53 IST" duration-ms="5506" status="PASS">
          <reporter-output>
          </reporter-output>
        </test-method> <!-- beforeTest -->
        <test-method signature="ohrmlLogin1()[pri:1, instance:com.MyTests.D05DetailedReport@1165b38]" started-at="2026-04-20T08:08:53 IST" name="ohrmlLogin1" finished-at="2026-04-20T08:10:54 IST" duration-ms="120585" status="PASS">
          <reporter-output>
          </reporter-output>
        </test-method> <!-- ohrmlLogin1 -->
        <test-method is-config="true" signature="afterMethod(org.testng.ITestResult)[pri:0, instance:com.MyTests.D05DetailedReport@1165b38]" started-at="2026-04-20T08:10:54 IST" name="afterMethod" finished-at="2026-04-20T08:10:54 IST" duration-ms="33" status="PASS">
          <params>
            <param index="0">
              <value>
                <![CDATA[[TestResult name=ohrmlLogin1 status=SUCCESS method=D05DetailedReport.ohrmlLogin1()[pri:1, instance:com.MyTests.D05DetailedReport@1165b38] output={null}]]]>
              </value>
            </param>
          </params>
          <reporter-output>
          </reporter-output>
        </test-method> <!-- afterMethod -->
        <test-method signature="ohrmlLogin2()[pri:2, instance:com.MyTests.D05DetailedReport@1165b38]" started-at="2026-04-20T08:10:54 IST" name="ohrmlLogin2" finished-at="2026-04-20T08:10:55 IST" duration-ms="1743" status="FAIL">
          <exception class="java.lang.AssertionError">
            <message>
              <![CDATA[expected [true] but found [false]]]>
            </message>
            <full-stacktrace>
              <![CDATA[java.lang.AssertionError: expected [true] but found [false]
at org.testng.Assert.fail(Assert.java:111)
at org.testng.Assert.failNotEquals(Assert.java:1590)
at org.testng.Assert.assertTrue(Assert.java:57)
at org.testng.Assert.assertTrue(Assert.java:67)
at com.MyTests.D05DetailedReport.ohrmlLogin2(D05DetailedReport.java:54)
at java.base/jdk.internal.reflect.NativeMethodAccessorImpl.invoke0(Native Method)
at java.base/jdk.internal.reflect.NativeMethodAccessorImpl.invoke(NativeMethodAccessorImpl.java:77)
at java.base/jdk.internal.reflect.DelegatingMethodAccessorImpl.invoke(DelegatingMethodAccessorImpl.java:43)
at java.base/java.lang.reflect.Method.invoke(Method.java:568)
at org.testng.internal.invokers.MethodInvocationHelper.invokeMethod(MethodInvocationHelper.java:141)
at org.testng.internal.invokers.TestInvoker.invokeMethod(TestInvoker.java:697)
at org.testng.internal.invokers.TestInvoker.invokeTestMethod(TestInvoker.java:230)
at org.testng.internal.invokers.MethodRunner.runInSequence(MethodRunner.java:63)
at org.testng.internal.invokers.TestInvoker$MethodInvocationAgent.invoke(TestInvoker.java:1005)
at org.testng.internal.invokers.TestInvoker.invokeTestMethods(TestInvoker.java:203)
at org.testng.internal.invokers.TestMethodWorker.invokeTestMethods(TestMethodWorker.java:154)
at org.testng.internal.invokers.TestMethodWorker.run(TestMethodWorker.java:134)
at java.base/java.util.ArrayList.forEach(ArrayList.java:1511)
at org.testng.TestRunner.privateRun(TestRunner.java:744)
at org.testng.TestRunner.run(TestRunner.java:616)
at org.testng.SuiteRunner.runTest(SuiteRunner.java:421)
at org.testng.SuiteRunner.runSequentially(SuiteRunner.java:413)
at org.testng.SuiteRunner.privateRun(SuiteRunner.java:373)
at org.testng.SuiteRunner.run(SuiteRunner.java:312)
at org.testng.SuiteRunnerWorker.runSuite(SuiteRunnerWorker.java:52)
at org.testng.SuiteRunnerWorker.run(SuiteRunnerWorker.java:95)
at org.testng.TestNG.runSuitesSequentially(TestNG.java:1274)
at org.testng.TestNG.runSuitesLocally(TestNG.java:1208)
at org.testng.TestNG.runSuites(TestNG.java:1112)
at org.testng.TestNG.run(TestNG.java:1079)
at org.testng.remote.AbstractRemoteTestNG.run(AbstractRemoteTestNG.java:115)
at org.testng.remote.RemoteTestNG.initAndRun(RemoteTestNG.java:293)
at org.testng.remote.RemoteTestNG.main(RemoteTestNG.java:91)
]]>
            </full-stacktrace>
          </exception> <!-- java.lang.AssertionError -->
          <reporter-output>
          </reporter-output>
        </test-method> <!-- ohrmlLogin2 -->
        <test-method is-config="true" signature="afterMethod(org.testng.ITestResult)[pri:0, instance:com.MyTests.D05DetailedReport@1165b38]" started-at="2026-04-20T08:10:55 IST" name="afterMethod" finished-at="2026-04-20T08:10:55 IST" duration-ms="49" status="PASS">
          <params>
            <param index="0">
              <value>
                <![CDATA[[TestResult name=ohrmlLogin2 status=FAILURE method=D05DetailedReport.ohrmlLogin2()[pri:2, instance:com.MyTests.D05DetailedReport@1165b38] output={null}]]]>
              </value>
            </param>
          </params>
          <reporter-output>
          </reporter-output>
        </test-method> <!-- afterMethod -->
        <test-method signature="ohrmlLogin3()[pri:3, instance:com.MyTests.D05DetailedReport@1165b38]" started-at="2026-04-20T08:10:55 IST" name="ohrmlLogin3" finished-at="2026-04-20T08:10:55 IST" duration-ms="19" status="SKIP">
          <exception class="org.testng.SkipException">
            <message>
              <![CDATA[Skipping the test for reporting purpose]]>
            </message>
            <full-stacktrace>
              <![CDATA[org.testng.SkipException: Skipping the test for reporting purpose
at com.MyTests.D05DetailedReport.ohrmlLogin3(D05DetailedReport.java:60)
at java.base/jdk.internal.reflect.NativeMethodAccessorImpl.invoke0(Native Method)
at java.base/jdk.internal.reflect.NativeMethodAccessorImpl.invoke(NativeMethodAccessorImpl.java:77)
at java.base/jdk.internal.reflect.DelegatingMethodAccessorImpl.invoke(DelegatingMethodAccessorImpl.java:43)
at java.base/java.lang.reflect.Method.invoke(Method.java:568)
at org.testng.internal.invokers.MethodInvocationHelper.invokeMethod(MethodInvocationHelper.java:141)
at org.testng.internal.invokers.TestInvoker.invokeMethod(TestInvoker.java:697)
at org.testng.internal.invokers.TestInvoker.invokeTestMethod(TestInvoker.java:230)
at org.testng.internal.invokers.MethodRunner.runInSequence(MethodRunner.java:63)
at org.testng.internal.invokers.TestInvoker$MethodInvocationAgent.invoke(TestInvoker.java:1005)
at org.testng.internal.invokers.TestInvoker.invokeTestMethods(TestInvoker.java:203)
at org.testng.internal.invokers.TestMethodWorker.invokeTestMethods(TestMethodWorker.java:154)
at org.testng.internal.invokers.TestMethodWorker.run(TestMethodWorker.java:134)
at java.base/java.util.ArrayList.forEach(ArrayList.java:1511)
at org.testng.TestRunner.privateRun(TestRunner.java:744)
at org.testng.TestRunner.run(TestRunner.java:616)
at org.testng.SuiteRunner.runTest(SuiteRunner.java:421)
at org.testng.SuiteRunner.runSequentially(SuiteRunner.java:413)
at org.testng.SuiteRunner.privateRun(SuiteRunner.java:373)
at org.testng.SuiteRunner.run(SuiteRunner.java:312)
at org.testng.SuiteRunnerWorker.runSuite(SuiteRunnerWorker.java:52)
at org.testng.SuiteRunnerWorker.run(SuiteRunnerWorker.java:95)
at org.testng.TestNG.runSuitesSequentially(TestNG.java:1274)
at org.testng.TestNG.runSuitesLocally(TestNG.java:1208)
at org.testng.TestNG.runSuites(TestNG.java:1112)
at org.testng.TestNG.run(TestNG.java:1079)
at org.testng.remote.AbstractRemoteTestNG.run(AbstractRemoteTestNG.java:115)
at org.testng.remote.RemoteTestNG.initAndRun(RemoteTestNG.java:293)
at org.testng.remote.RemoteTestNG.main(RemoteTestNG.java:91)
]]>
            </full-stacktrace>
          </exception> <!-- org.testng.SkipException -->
          <reporter-output>
          </reporter-output>
        </test-method> <!-- ohrmlLogin3 -->
        <test-method is-config="true" signature="afterMethod(org.testng.ITestResult)[pri:0, instance:com.MyTests.D05DetailedReport@1165b38]" started-at="2026-04-20T08:10:56 IST" name="afterMethod" finished-at="2026-04-20T08:10:56 IST" duration-ms="27" status="PASS">
          <params>
            <param index="0">
              <value>
                <![CDATA[[TestResult name=ohrmlLogin3 status=SKIP method=D05DetailedReport.ohrmlLogin3()[pri:3, instance:com.MyTests.D05DetailedReport@1165b38] output={null}]]]>
              </value>
            </param>
          </params>
          <reporter-output>
          </reporter-output>
        </test-method> <!-- afterMethod -->
        <test-method is-config="true" signature="afterTest()[pri:0, instance:com.MyTests.D05DetailedReport@1165b38]" started-at="2026-04-20T08:10:56 IST" name="afterTest" finished-at="2026-04-20T08:10:57 IST" duration-ms="1744" status="PASS">
          <reporter-output>
          </reporter-output>
        </test-method> <!-- afterTest -->
      </class> <!-- com.MyTests.D05DetailedReport -->
    </test> <!-- Default test -->
  </suite> <!-- Default suite -->
</testng-results>
