<?xml version="1.0" encoding="UTF-8"?>
<testng-results ignored="0" total="1" passed="1" failed="0" skipped="0">
  <reporter-output>
  </reporter-output>
  <suite started-at="2026-04-16T08:43:55 IST" name="Default suite" finished-at="2026-04-16T08:44:03 IST" duration-ms="7827">
    <groups>
    </groups>
    <test started-at="2026-04-16T08:43:55 IST" name="Default test" finished-at="2026-04-16T08:44:03 IST" duration-ms="7827">
      <class name="com.MyTests.D02TrialTestNGClass">
        <test-method is-config="true" signature="beforeTest()[pri:0, instance:com.MyTests.D02TrialTestNGClass@2d3379b4]" started-at="2026-04-16T08:43:55 IST" name="beforeTest" finished-at="2026-04-16T08:44:02 IST" duration-ms="6860" status="PASS">
          <reporter-output>
          </reporter-output>
        </test-method> <!-- beforeTest -->
        <test-method signature="dragAndDrop()[pri:0, instance:com.MyTests.D02TrialTestNGClass@2d3379b4]" started-at="2026-04-16T08:44:02 IST" name="dragAndDrop" finished-at="2026-04-16T08:44:03 IST" duration-ms="850" status="PASS">
          <reporter-output>
          </reporter-output>
        </test-method> <!-- dragAndDrop -->
        <test-method is-config="true" signature="afterTest()[pri:0, instance:com.MyTests.D02TrialTestNGClass@2d3379b4]" started-at="2026-04-16T08:44:03 IST" name="afterTest" finished-at="2026-04-16T08:44:03 IST" duration-ms="1" status="PASS">
          <reporter-output>
          </reporter-output>
        </test-method> <!-- afterTest -->
      </class> <!-- com.MyTests.D02TrialTestNGClass -->
    </test> <!-- Default test -->
  </suite> <!-- Default suite -->
</testng-results>
