<?xml version="1.0" encoding="UTF-8"?>
<!-- Generated by org.testng.reporters.JUnitXMLReporter -->
<testsuite ignored="0" hostname="DESKTOP-G8O6OG0" failures="0" tests="7" name="Default test" time="2.357" errors="0" timestamp="2026-04-13T08:49:43 IST">
  <testcase classname="com.TestNGDemos.D14DataDrivenFramework" name="login" time="0.01"/>
  <testcase classname="com.TestNGDemos.D14DataDrivenFramework" name="login" time="0.003"/>
  <testcase classname="com.TestNGDemos.D14DataDrivenFramework" name="login" time="0.006"/>
  <testcase classname="com.TestNGDemos.D14DataDrivenFramework" name="login" time="0.003"/>
  <testcase classname="com.TestNGDemos.D14DataDrivenFramework" name="login" time="0.005"/>
  <testcase classname="com.TestNGDemos.D14DataDrivenFramework" name="login" time="0.01"/>
  <testcase classname="com.TestNGDemos.D14DataDrivenFramework" name="login" time="0.006"/>
</testsuite> <!-- Default test -->
