<?xml version="1.0" encoding="UTF-8"?>
<!-- Generated by org.testng.reporters.JUnitXMLReporter -->
<testsuite ignored="0" hostname="DESKTOP-G8O6OG0" failures="0" tests="6" name="Default test" time="17.796" errors="0" timestamp="2026-04-15T08:26:12 IST">
  <testcase classname="com.TestNGDemos.D14DataDrivenFramework" name="login" time="1.07"/>
  <testcase classname="com.TestNGDemos.D14DataDrivenFramework" name="login" time="0.462"/>
  <testcase classname="com.TestNGDemos.D14DataDrivenFramework" name="login" time="0.51"/>
  <testcase classname="com.TestNGDemos.D14DataDrivenFramework" name="login" time="0.338"/>
  <testcase classname="com.TestNGDemos.D14DataDrivenFramework" name="login" time="5.594"/>
  <testcase classname="com.TestNGDemos.D14DataDrivenFramework" name="login" time="0.337"/>
</testsuite> <!-- Default test -->
