<?xml version="1.0" encoding="UTF-8"?>
<testng-results ignored="0" total="7" passed="7" failed="0" skipped="0">
  <reporter-output>
  </reporter-output>
  <suite started-at="2026-04-13T08:49:41 IST" name="Default suite" finished-at="2026-04-13T08:49:43 IST" duration-ms="2357">
    <groups>
    </groups>
    <test started-at="2026-04-13T08:49:41 IST" name="Default test" finished-at="2026-04-13T08:49:43 IST" duration-ms="2357">
      <class name="com.TestNGDemos.D14DataDrivenFramework">
        <test-method is-config="true" signature="beforeTest()[pri:0, instance:com.TestNGDemos.D14DataDrivenFramework@179ece50]" started-at="2026-04-13T08:49:41 IST" name="beforeTest" finished-at="2026-04-13T08:49:43 IST" duration-ms="2149" status="PASS">
          <reporter-output>
          </reporter-output>
        </test-method> <!-- beforeTest -->
        <test-method signature="login(java.lang.String,java.lang.String)[pri:0, instance:com.TestNGDemos.D14DataDrivenFramework@179ece50]" started-at="2026-04-13T08:49:43 IST" name="login" data-provider="dp" finished-at="2026-04-13T08:49:43 IST" duration-ms="10" status="PASS">
          <params>
            <param index="0">
              <value>
                <![CDATA[User Name]]>
              </value>
            </param>
            <param index="1">
              <value>
                <![CDATA[Password]]>
              </value>
            </param>
          </params>
          <reporter-output>
          </reporter-output>
        </test-method> <!-- login -->
        <test-method signature="login(java.lang.String,java.lang.String)[pri:0, instance:com.TestNGDemos.D14DataDrivenFramework@179ece50]" started-at="2026-04-13T08:49:43 IST" name="login" data-provider="dp" finished-at="2026-04-13T08:49:43 IST" duration-ms="3" status="PASS">
          <params>
            <param index="0">
              <value>
                <![CDATA[standard_user]]>
              </value>
            </param>
            <param index="1">
              <value>
                <![CDATA[secret_sauce]]>
              </value>
            </param>
          </params>
          <reporter-output>
          </reporter-output>
        </test-method> <!-- login -->
        <test-method signature="login(java.lang.String,java.lang.String)[pri:0, instance:com.TestNGDemos.D14DataDrivenFramework@179ece50]" started-at="2026-04-13T08:49:43 IST" name="login" data-provider="dp" finished-at="2026-04-13T08:49:43 IST" duration-ms="6" status="PASS">
          <params>
            <param index="0">
              <value>
                <![CDATA[Dhanashri]]>
              </value>
            </param>
            <param index="1">
              <value>
                <![CDATA[dhanashri123]]>
              </value>
            </param>
          </params>
          <reporter-output>
          </reporter-output>
        </test-method> <!-- login -->
        <test-method signature="login(java.lang.String,java.lang.String)[pri:0, instance:com.TestNGDemos.D14DataDrivenFramework@179ece50]" started-at="2026-04-13T08:49:43 IST" name="login" data-provider="dp" finished-at="2026-04-13T08:49:43 IST" duration-ms="3" status="PASS">
          <params>
            <param index="0">
              <value>
                <![CDATA[problem_user]]>
              </value>
            </param>
            <param index="1">
              <value>
                <![CDATA[secret_sauce]]>
              </value>
            </param>
          </params>
          <reporter-output>
          </reporter-output>
        </test-method> <!-- login -->
        <test-method signature="login(java.lang.String,java.lang.String)[pri:0, instance:com.TestNGDemos.D14DataDrivenFramework@179ece50]" started-at="2026-04-13T08:49:43 IST" name="login" data-provider="dp" finished-at="2026-04-13T08:49:43 IST" duration-ms="5" status="PASS">
          <params>
            <param index="0">
              <value>
                <![CDATA[trupti]]>
              </value>
            </param>
            <param index="1">
              <value>
                <![CDATA[trupti123]]>
              </value>
            </param>
          </params>
          <reporter-output>
          </reporter-output>
        </test-method> <!-- login -->
        <test-method signature="login(java.lang.String,java.lang.String)[pri:0, instance:com.TestNGDemos.D14DataDrivenFramework@179ece50]" started-at="2026-04-13T08:49:43 IST" name="login" data-provider="dp" finished-at="2026-04-13T08:49:43 IST" duration-ms="10" status="PASS">
          <params>
            <param index="0">
              <value>
                <![CDATA[performance_glitch_user]]>
              </value>
            </param>
            <param index="1">
              <value>
                <![CDATA[secret_sauce]]>
              </value>
            </param>
          </params>
          <reporter-output>
          </reporter-output>
        </test-method> <!-- login -->
        <test-method signature="login(java.lang.String,java.lang.String)[pri:0, instance:com.TestNGDemos.D14DataDrivenFramework@179ece50]" started-at="2026-04-13T08:49:43 IST" name="login" data-provider="dp" finished-at="2026-04-13T08:49:43 IST" duration-ms="6" status="PASS">
          <params>
            <param index="0">
              <value>
                <![CDATA[sayalee]]>
              </value>
            </param>
            <param index="1">
              <value>
                <![CDATA[sayalee123]]>
              </value>
            </param>
          </params>
          <reporter-output>
          </reporter-output>
        </test-method> <!-- login -->
        <test-method is-config="true" signature="afterTest()[pri:0, instance:com.TestNGDemos.D14DataDrivenFramework@179ece50]" started-at="2026-04-13T08:49:43 IST" name="afterTest" finished-at="2026-04-13T08:49:43 IST" duration-ms="1" status="PASS">
          <reporter-output>
          </reporter-output>
        </test-method> <!-- afterTest -->
      </class> <!-- com.TestNGDemos.D14DataDrivenFramework -->
    </test> <!-- Default test -->
  </suite> <!-- Default suite -->
</testng-results>
