<?xml version="1.0" encoding="UTF-8"?>
<!-- Generated by org.testng.reporters.JUnitReportReporter -->
<testsuite hostname="DESKTOP-G8O6OG0" failures="0" tests="5" name="com.MyTests.D06InvocationCountDemo" time="0.043" errors="0" timestamp="2026-04-29T08:30:58 IST" skipped="0">
  <testcase classname="com.MyTests.D06InvocationCountDemo" name="trial" time="0.005"/>
  <testcase classname="com.MyTests.D06InvocationCountDemo" name="trial" time="0.005"/>
  <testcase classname="com.MyTests.D06InvocationCountDemo" name="trial" time="0.006"/>
  <testcase classname="com.MyTests.D06InvocationCountDemo" name="trial" time="0.023"/>
  <testcase classname="com.MyTests.D06InvocationCountDemo" name="trial" time="0.004"/>
</testsuite> <!-- com.MyTests.D06InvocationCountDemo -->
