<?xml version="1.0" encoding="UTF-8"?>
<!-- Generated by org.testng.reporters.JUnitXMLReporter -->
<testsuite ignored="0" hostname="DESKTOP-G8O6OG0" failures="0" tests="4" name="Parallel Execution" time="20.436" errors="0" timestamp="2026-04-02T07:33:49 IST">
  <testcase classname="com.TestNGDemos.D02TestOnlineShoppingApps" name="testMeesho" time="10.113"/>
  <testcase classname="com.TestNGDemos.D02TestOnlineShoppingApps" name="testFlipkart" time="10.291"/>
  <testcase classname="com.TestNGDemos.D02TestOnlineShoppingApps" name="testMyntra" time="9.999"/>
  <testcase classname="com.TestNGDemos.D02TestOnlineShoppingApps" name="testAmazon" time="10.033"/>
</testsuite> <!-- Parallel Execution -->
